

*******************************************************************************
Mon Feb  3 10:35:52 2025


FIT:    data read from "quickSort.CPUtimes" using 1:2
        format = x:z
        #datapoints = 6
        residuals are weighted equally (unit weight)

function used for fitting: y(x)
	y(x)=a*x*log(x) + b
fitted parameters initialized with current variable values

iter      chisq       delta/lim  lambda   a             b            
   0 2.7270624888e+14   0.00e+00  4.77e+06    1.000000e+00   1.000000e+00
   4 2.8574332124e+01  -2.96e-01  4.77e+02    3.915016e-06   9.999995e-01

After 4 iterations the fit converged.
final sum of squares of residuals : 28.5743
rel. change during last iteration : -2.95765e-06

degrees of freedom    (FIT_NDF)                        : 4
rms of residuals      (FIT_STDFIT) = sqrt(WSSR/ndf)    : 2.67275
variance of residuals (reduced chisquare) = WSSR/ndf   : 7.14358

Final set of parameters            Asymptotic Standard Error
=======================            ==========================
a               = 3.91502e-06      +/- 2.195e-07    (5.606%)
b               = 1                +/- 1.48         (148%)

correlation matrix of the fit parameters:
                a      b      
a               1.000 
b              -0.675  1.000 


*******************************************************************************
Mon Feb  3 10:37:38 2025


FIT:    data read from "quickSort.CPUtimes" using 1:2
        format = x:z
        #datapoints = 6
        residuals are weighted equally (unit weight)

function used for fitting: y(x)
	y(x)=a*x*log(x) + b
fitted parameters initialized with current variable values

iter      chisq       delta/lim  lambda   a             b            
   0 2.7270624888e+14   0.00e+00  4.77e+06    1.000000e+00   1.000000e+00
   4 2.8574332124e+01  -2.96e-01  4.77e+02    3.915016e-06   9.999995e-01

After 4 iterations the fit converged.
final sum of squares of residuals : 28.5743
rel. change during last iteration : -2.95765e-06

degrees of freedom    (FIT_NDF)                        : 4
rms of residuals      (FIT_STDFIT) = sqrt(WSSR/ndf)    : 2.67275
variance of residuals (reduced chisquare) = WSSR/ndf   : 7.14358

Final set of parameters            Asymptotic Standard Error
=======================            ==========================
a               = 3.91502e-06      +/- 2.195e-07    (5.606%)
b               = 1                +/- 1.48         (148%)

correlation matrix of the fit parameters:
                a      b      
a               1.000 
b              -0.675  1.000 


*******************************************************************************
Mon Feb  3 10:37:50 2025


FIT:    data read from "quickSort.CPUtimes" using 1:2
        format = x:z
        #datapoints = 6
        residuals are weighted equally (unit weight)

function used for fitting: y(x)
	y(x)=a*x + b
fitted parameters initialized with current variable values

iter      chisq       delta/lim  lambda   a             b            
   0 1.4655015692e+12   0.00e+00  3.49e+05    1.000000e+00   1.000000e+00
   9 1.1739683410e+01  -5.39e-05  3.49e-04    5.856249e-05  -2.788134e+00

After 9 iterations the fit converged.
final sum of squares of residuals : 11.7397
rel. change during last iteration : -5.38908e-10

degrees of freedom    (FIT_NDF)                        : 4
rms of residuals      (FIT_STDFIT) = sqrt(WSSR/ndf)    : 1.71316
variance of residuals (reduced chisquare) = WSSR/ndf   : 2.93492

Final set of parameters            Asymptotic Standard Error
=======================            ==========================
a               = 5.85625e-05      +/- 1.971e-06    (3.366%)
b               = -2.78813         +/- 0.9742       (34.94%)

correlation matrix of the fit parameters:
                a      b      
a               1.000 
b              -0.696  1.000 
